[    0.000000] Initializing cgroup subsys cpuset
[    0.000000] Initializing cgroup subsys cpu
[    0.000000] Initializing cgroup subsys cpuacct
[    0.000000] Linux version 4.4.0-97-generic (buildd@lcy01-33) (gcc version 5.4.0 20160609 (Ubuntu 5.4.0-6ubuntu1~16.04.4) ) #120-Ubuntu SMP Tue Sep 19 17:28:18 UTC 2017 (Ubuntu 4.4.0-97.120-generic 4.4.87)
[    0.000000] Command line: BOOT_IMAGE=/boot/vmlinuz-4.4.0-97-generic root=LABEL=cloudimg-rootfs ro console=tty1 console=ttyS0
[    0.000000] KERNEL supported cpus:
[    0.000000]   Intel GenuineIntel
[    0.000000]   AMD AuthenticAMD
[    0.000000]   Centaur CentaurHauls
[    0.000000] x86/fpu: xstate_offset[2]:  576, xstate_sizes[2]:  256
[    0.000000] x86/fpu: Supporting XSAVE feature 0x01: 'x87 floating point registers'
[    0.000000] x86/fpu: Supporting XSAVE feature 0x02: 'SSE registers'
[    0.000000] x86/fpu: Supporting XSAVE feature 0x04: 'AVX registers'
[    0.000000] x86/fpu: Enabled xstate features 0x7, context size is 832 bytes, using 'standard' format.
[    0.000000] x86/fpu: Using 'lazy' FPU context switches.
[    0.000000] e820: BIOS-provided physical RAM map:
[    0.000000] BIOS-e820: [mem 0x0000000000000000-0x000000000009fbff] usable
[    0.000000] BIOS-e820: [mem 0x000000000009fc00-0x000000000009ffff] reserved
[    0.000000] BIOS-e820: [mem 0x00000000000f0000-0x00000000000fffff] reserved
[    0.000000] BIOS-e820: [mem 0x0000000000100000-0x000000003ffeffff] usable
[    0.000000] BIOS-e820: [mem 0x000000003fff0000-0x000000003fffffff] ACPI data
[    0.000000] BIOS-e820: [mem 0x00000000fec00000-0x00000000fec00fff] reserved
[    0.000000] BIOS-e820: [mem 0x00000000fee00000-0x00000000fee00fff] reserved
[    0.000000] BIOS-e820: [mem 0x00000000fffc0000-0x00000000ffffffff] reserved
[    0.000000] NX (Execute Disable) protection: active
[    0.000000] SMBIOS 2.5 present.
[    0.000000] Hypervisor detected: KVM
[    0.000000] e820: last_pfn = 0x3fff0 max_arch_pfn = 0x400000000
[    0.000000] MTRR: Disabled
[    0.000000] x86/PAT: MTRRs disabled, skipping PAT initialization too.
[    0.000000] CPU MTRRs all blank - virtualized system.
[    0.000000] x86/PAT: Configuration [0-7]: WB  WT  UC- UC  WB  WT  UC- UC  
[    0.000000] found SMP MP-table at [mem 0x0009fff0-0x0009ffff] mapped at [ffff88000009fff0]
[    0.000000] Scanning 1 areas for low memory corruption
[    0.000000] RAMDISK: [mem 0x36adc000-0x37565fff]
[    0.000000] ACPI: Early table checksum verification disabled
[    0.000000] ACPI: RSDP 0x00000000000E0000 000024 (v02 VBOX  )
[    0.000000] ACPI: XSDT 0x000000003FFF0030 00003C (v01 VBOX   VBOXXSDT 00000001 ASL  00000061)
[    0.000000] ACPI: FACP 0x000000003FFF00F0 0000F4 (v04 VBOX   VBOXFACP 00000001 ASL  00000061)
[    0.000000] ACPI: DSDT 0x000000003FFF0470 0021C8 (v02 VBOX   VBOXBIOS 00000002 INTL 20100528)
[    0.000000] ACPI: FACS 0x000000003FFF0200 000040
[    0.000000] ACPI: FACS 0x000000003FFF0200 000040
[    0.000000] ACPI: APIC 0x000000003FFF0240 00005C (v02 VBOX   VBOXAPIC 00000001 ASL  00000061)
[    0.000000] ACPI: SSDT 0x000000003FFF02A0 0001CC (v01 VBOX   VBOXCPUT 00000002 INTL 20100528)
[    0.000000] No NUMA configuration found
[    0.000000] Faking a node at [mem 0x0000000000000000-0x000000003ffeffff]
[    0.000000] NODE_DATA(0) allocated [mem 0x3ffeb000-0x3ffeffff]
[    0.000000] kvm-clock: Using msrs 4b564d01 and 4b564d00
[    0.000000] kvm-clock: cpu 0, msr 0:3ffe3001, primary cpu clock
[    0.000000] kvm-clock: using sched offset of 3522874333 cycles
[    0.000000] clocksource: kvm-clock: mask: 0xffffffffffffffff max_cycles: 0x1cd42e4dffb, max_idle_ns: 881590591483 ns
[    0.000000] Zone ranges:
[    0.000000]   DMA      [mem 0x0000000000001000-0x0000000000ffffff]
[    0.000000]   DMA32    [mem 0x0000000001000000-0x000000003ffeffff]
[    0.000000]   Normal   empty
[    0.000000]   Device   empty
[    0.000000] Movable zone start for each node
[    0.000000] Early memory node ranges
[    0.000000]   node   0: [mem 0x0000000000001000-0x000000000009efff]
[    0.000000]   node   0: [mem 0x0000000000100000-0x000000003ffeffff]
[    0.000000] Initmem setup node 0 [mem 0x0000000000001000-0x000000003ffeffff]
[    0.000000] ACPI: PM-Timer IO Port: 0x4008
[    0.000000] IOAPIC[0]: apic_id 2, version 32, address 0xfec00000, GSI 0-23
[    0.000000] ACPI: INT_SRC_OVR (bus 0 bus_irq 0 global_irq 2 dfl dfl)
[    0.000000] ACPI: INT_SRC_OVR (bus 0 bus_irq 9 global_irq 9 high level)
[    0.000000] Using ACPI (MADT) for SMP configuration information
[    0.000000] smpboot: Allowing 2 CPUs, 0 hotplug CPUs
[    0.000000] PM: Registered nosave memory: [mem 0x00000000-0x00000fff]
[    0.000000] PM: Registered nosave memory: [mem 0x0009f000-0x0009ffff]
[    0.000000] PM: Registered nosave memory: [mem 0x000a0000-0x000effff]
[    0.000000] PM: Registered nosave memory: [mem 0x000f0000-0x000fffff]
[    0.000000] e820: [mem 0x40000000-0xfebfffff] available for PCI devices
[    0.000000] Booting paravirtualized kernel on KVM
[    0.000000] clocksource: refined-jiffies: mask: 0xffffffff max_cycles: 0xffffffff, max_idle_ns: 7645519600211568 ns
[    0.000000] setup_percpu: NR_CPUS:512 nr_cpumask_bits:512 nr_cpu_ids:2 nr_node_ids:1
[    0.000000] PERCPU: Embedded 34 pages/cpu @ffff88003fc00000 s98328 r8192 d32744 u1048576
[    0.000000] PV qspinlock hash table entries: 256 (order: 0, 4096 bytes)
[    0.000000] Built 1 zonelists in Node order, mobility grouping on.  Total pages: 257913
[    0.000000] Policy zone: DMA32
[    0.000000] Kernel command line: BOOT_IMAGE=/boot/vmlinuz-4.4.0-97-generic root=LABEL=cloudimg-rootfs ro console=tty1 console=ttyS0
[    0.000000] PID hash table entries: 4096 (order: 3, 32768 bytes)
[    0.000000] Memory: 1001772K/1048120K available (8480K kernel code, 1294K rwdata, 3984K rodata, 1492K init, 1316K bss, 46348K reserved, 0K cma-reserved)
[    0.000000] SLUB: HWalign=64, Order=0-3, MinObjects=0, CPUs=2, Nodes=1
[    0.000000] Hierarchical RCU implementation.
[    0.000000] 	Build-time adjustment of leaf fanout to 64.
[    0.000000] 	RCU restricting CPUs from NR_CPUS=512 to nr_cpu_ids=2.
[    0.000000] RCU: Adjusting geometry for rcu_fanout_leaf=64, nr_cpu_ids=2
[    0.000000] NR_IRQS:33024 nr_irqs:440 16
[    0.000000] Console: colour VGA+ 80x25
[    0.000000] console [tty1] enabled
[   0.000000] console [ttyS0] enabled
[    0.000000 tsc: Detected 1995.381 MHz processor
[   14.628009] Calibrating delay loop (skipped) preset value.. 3990.76 BogoMIPS (lpj=7981524)
[   14.752589] pid_max: default: 32768 minimum: 301
[   14.871662] ACPI: Core revision 20150930
[   14.978351] ACPI: 2 ACPI AML tables successfully acquired and loaded
[   15.156112] Security Framework initialized
[   15.266111] Yama: becoming mindful.
[   15.354429] AppArmor: AppArmor initialized
[   15.464891] Dentry cache hash table entries: 131072 (order: 8, 1048576 bytes)
[   15.647339] Inode-cache hash table entries: 65536 (order: 7, 524288 bytes)
[   15.817755] Mount-cache hash table entries: 2048 (order: 2, 16384 bytes)
[   15.914707] Mountpoint-cache hash table entries: 2048 (order: 2, 16384 bytes)
[   16.078715] Initializing cgroup subsys io
[   16.181149] Initializing cgroup subsys memory
[   16.287217] Initializing cgroup subsys devices
[   16.387802] Initializing cgroup subsys freezer
[   16.490686] Initializing cgroup subsys net_cls
[   16.621086] Initializing cgroup subsys perf_event
[   16.748585] Initializing cgroup subsys net_prio
[   16.849741] Initializing cgroup subsys hugetlb
[   16.948517] Initializing cgroup subsys pids
[   17.032786] CPU: Physical Processor ID: 0
[   17.093851] CPU: Processor Core ID: 0
[   17.171405] mce: CPU supports 0 MCE banks
[   17.266226] Last level iTLB entries: 4KB 1024, 2MB 1024, 4MB 1024
[   17.414003] Last level dTLB entries: 4KB 1024, 2MB 1024, 4MB 1024, 1GB 4
[   17.600841] Freeing SMP alternatives memory: 32K
[   17.732600] ftrace: allocating 32148 entries in 126 pages
[   17.918139] smpboot: APIC(0) Converting physical 0 to logical package 0
[   18.084510] smpboot: Max logical packages: 1
[   18.195809] x2apic enabled
[   18.245674] Switched APIC routing to physical x2apic.
[   18.345143] ..TIMER: vector=0x30 apic1=0 pin1=2 apic2=-1 pin2=-1
[   18.605337] smpboot: CPU0: Intel(R) Core(TM) i7-4750HQ CPU @ 2.00GHz (family: 0x6, model: 0x46, stepping: 0x1)
[   18.864239] Performance Events: unsupported p6 CPU model 70 no PMU driver, software events only.
[   19.059975] KVM setup paravirtual spinlock
[   19.176705] x86: Booting SMP configuration:
[   19.286441] .... node  #0, CPUs:      #1
[   19.382435] kvm-clock: cpu 1, msr 0:3ffe3041, secondary cpu clock
[   19.442043] mce: CPU supports 0 MCE banks
[   19.475105] x86: Booted up 1 node, 2 CPUs
[   19.552835] smpboot: Total of 2 processors activated (7981.52 BogoMIPS)
[   19.730229] devtmpfs: initialized
[   19.807026] evm: security.selinux
[   19.900209] evm: security.SMACK64
[   19.999483] evm: security.SMACK64EXEC
[   20.105218] evm: security.SMACK64TRANSMUTE
[   20.198508] evm: security.SMACK64MMAP
[   20.262999] evm: security.ima
[   20.348255] evm: security.capability
[   20.436587] clocksource: jiffies: mask: 0xffffffff max_cycles: 0xffffffff, max_idle_ns: 7645041785100000 ns
[   20.657693] futex hash table entries: 512 (order: 3, 32768 bytes)
[   20.771970] pinctrl core: initialized pinctrl subsystem
[   20.883175] RTC time: 11:20:41, date: 01/02/18
[   20.991968] NET: Registered protocol family 16
[   21.127401] cpuidle: using governor ladder
[   21.234228] cpuidle: using governor menu
[   21.310563] PCCT header not found.
[   21.395454] ACPI: bus type PCI registered
[   21.481638] acpiphp: ACPI Hot Plug PCI Controller Driver version: 0.5
[   21.654868] PCI: Using configuration type 1 for base access
[   21.819923] ACPI: Added _OSI(Module Device)
[   21.871328] ACPI: Added _OSI(Processor Device)
[   21.964500] ACPI: Added _OSI(3.0 _SCP Extensions)
[   22.067453] ACPI: Added _OSI(Processor Aggregator Device)
[   22.206960] ACPI: Executed 1 blocks of module-level executable AML code
[   22.361385] ACPI: Interpreter enabled
[   22.465121] ACPI: (supports S0 S5)
[   22.543453] ACPI: Using IOAPIC for interrupt routing
[   22.660218] PCI: Using host bridge windows from ACPI; if necessary, use "pci=nocrs" and report a bug
[   22.876674] ACPI: PCI Root Bridge [PCI0] (domain 0000 [bus 00-ff])
[   23.019447] acpi PNP0A03:00: _OSC: OS supports [ASPM ClockPM Segments MSI]
[   23.089953] acpi PNP0A03:00: _OSC failed (AE_NOT_FOUND); disabling ASPM
[   23.270997] acpi PNP0A03:00: fail to add MMCONFIG information, can't access extended PCI configuration space under this bridge.
[   23.571426] PCI host bridge to bus 0000:00
[   23.667957] pci_bus 0000:00: root bus resource [io  0x0000-0x0cf7 window]
[   23.841214] pci_bus 0000:00: root bus resource [io  0x0d00-0xffff window]
[   24.013860] pci_bus 0000:00: root bus resource [mem 0x000a0000-0x000bffff window]
[   24.200982] pci_bus 0000:00: root bus resource [mem 0x40000000-0xffdfffff window]
[   24.301838] pci_bus 0000:00: root bus resource [bus 00-ff]
[   24.436685] pci 0000:00:01.1: legacy IDE quirk: reg 0x10: [io  0x01f0-0x01f7]
[   24.630082] pci 0000:00:01.1: legacy IDE quirk: reg 0x14: [io  0x03f6]
[   24.792865] pci 0000:00:01.1: legacy IDE quirk: reg 0x18: [io  0x0170-0x0177]
[   24.957562] pci 0000:00:01.1: legacy IDE quirk: reg 0x1c: [io  0x0376]
[   25.113797] pci 0000:00:07.0: quirk: [io  0x4000-0x403f] claimed by PIIX4 ACPI
[   25.274101] pci 0000:00:07.0: quirk: [io  0x4100-0x410f] claimed by PIIX4 SMB
[   25.453507] ACPI: PCI Interrupt Link [LNKA] (IRQs 5 9 10 *11)
[   25.544461] ACPI: PCI Interrupt Link [LNKB] (IRQs 5 9 10 *11)
[   25.689713] ACPI: PCI Interrupt Link [LNKC] (IRQs 5 9 *10 11)
[   25.824001] ACPI: PCI Interrupt Link [LNKD] (IRQs 5 *9 10 11)
[   25.966729] ACPI: Enabled 2 GPEs in block 00 to 07
[   26.090779] vgaarb: setting as boot device: PCI:0000:00:02.0
[   26.256436] vgaarb: device added: PCI:0000:00:02.0,decodes=io+mem,owns=io+mem,locks=none
[   26.483130] vgaarb: loaded
[   26.550678] vgaarb: bridge control possible 0000:00:02.0
[   26.645492] SCSI subsystem initialized
[   26.691949] ACPI: bus type USB registered
[   26.795148] usbcore: registered new interface driver usbfs
[   26.921085] usbcore: registered new interface driver hub
[   27.060736] usbcore: registered new device driver usb
[   27.184585] PCI: Using ACPI for IRQ routing
[   27.291295] NetLabel: Initializing
[   27.379431] NetLabel:  domain hash size = 128
[   27.498119] NetLabel:  protocols = UNLABELED CIPSOv4
[   27.606539] NetLabel:  unlabeled traffic allowed by default
[   27.750629] amd_nb: Cannot enumerate AMD northbridges
[   27.829463] clocksource: Switched to clocksource kvm-clock
[   27.901153] AppArmor: AppArmor Filesystem Enabled
[   28.025351] pnp: PnP ACPI init
[   28.107548] pnp: PnP ACPI: found 3 devices
[   28.223552] clocksource: acpi_pm: mask: 0xffffff max_cycles: 0xffffff, max_idle_ns: 2085701024 ns
[   28.477988] NET: Registered protocol family 2
[   28.602288] TCP established hash table entries: 8192 (order: 4, 65536 bytes)
[   28.799295] TCP bind hash table entries: 8192 (order: 5, 131072 bytes)
[   28.966007] TCP: Hash tables configured (established 8192 bind 8192)
[   29.116256] UDP hash table entries: 512 (order: 2, 16384 bytes)
[   29.269356] UDP-Lite hash table entries: 512 (order: 2, 16384 bytes)
[   29.431731] NET: Registered protocol family 1
[   29.554426] pci 0000:00:00.0: Limiting direct PCI/PCI transfers
[   29.724227] pci 0000:00:01.0: Activating ISA DMA hang workarounds
[   29.880400] Unpacking initramfs...
[   31.887517] Freeing initrd memory: 10792K
[   31.975318] platform rtc_cmos: registered platform RTC device (no PNP device found)
[   32.161260] Scanning for low memory corruption every 60 seconds
[   32.329967] audit: initializing netlink subsys (disabled)
[   32.467212] audit: type=2000 audit(1514892031.356:1): initialized
[   32.609728] Initialise system trusted keyring
[   32.667858] HugeTLB registered 2 MB page size, pre-allocated 0 pages
[   32.789720] zbud: loaded
[   32.854347] VFS: Disk quotas dquot_6.6.0
[   32.947161] VFS: Dquot-cache hash table entries: 512 (order 0, 4096 bytes)
[   33.134046] tsc: Refined TSC clocksource calibration: 1994.147 MHz
[   33.301808] clocksource: tsc: mask: 0xffffffffffffffff max_cycles: 0x397d2a3e922, max_idle_ns: 881590680033 ns
[   33.302137] squashfs: version 4.0 (2009/01/31) Phillip Lougher
[   33.302361] fuse init (API version 7.23)
[   33.302465] Key type big_key registered
[   33.302485] Allocating IMA MOK and blacklist keyrings.
[   33.302671] Key type asymmetric registered
[   33.302677] Asymmetric key parser 'x509' registered
[   33.302708] Block layer SCSI generic (bsg) driver version 0.4 loaded (major 249)
[   33.302736] io scheduler noop registered
[   33.302738] io scheduler deadline registered (default)
[   33.302763] io scheduler cfq registered
[   33.302851] pci_hotplug: PCI Hot Plug PCI Core version: 0.5
[   33.302855] pciehp: PCI Express Hot Plug Controller Driver version: 0.4
[   33.303201] ACPI: AC Adapter [AC] (on-line)
[   33.303253] input: Power Button as /devices/LNXSYSTM:00/LNXPWRBN:00/input/input0
[   33.303255] ACPI: Power Button [PWRF]
[   33.303339] input: Sleep Button as /devices/LNXSYSTM:00/LNXSLPBN:00/input/input1
[   33.303341] ACPI: Sleep Button [SLPF]
[   33.303485] GHES: HEST is not enabled!
[   33.304657] ACPI: Battery Slot [BAT0] (battery present)
[   33.304708] Serial: 8250/16550 driver, 32 ports, IRQ sharing enabled
[   33.572839] 00:02: ttyS0 at I/O 0x3f8 (irq = 4, base_baud = 115200) is a 16550A
[   33.727358] Linux agpgart interface v0.103
[   33.869004] loop: module loaded
[   33.869782] scsi host0: ata_piix
[   33.869834] scsi host1: ata_piix
[   33.869861] ata1: PATA max UDMA/33 cmd 0x1f0 ctl 0x3f6 bmdma 0xd000 irq 14
[   33.869862] ata2: PATA max UDMA/33 cmd 0x170 ctl 0x376 bmdma 0xd008 irq 15
[   33.869957] libphy: Fixed MDIO Bus: probed
[   33.869960] tun: Universal TUN/TAP device driver, 1.6
[   33.869960] tun: (C) 1999-2004 Max Krasnyansky <maxk@qualcomm.com>
[   33.870384] PPP generic driver version 2.4.2
[   33.870442] ehci_hcd: USB 2.0 'Enhanced' Host Controller (EHCI) Driver
[   33.870447] ehci-pci: EHCI PCI platform driver
[   33.870463] ehci-platform: EHCI generic platform driver
[   33.870471] ohci_hcd: USB 1.1 'Open' Host Controller (OHCI) Driver
[   33.870474] ohci-pci: OHCI PCI platform driver
[   33.870482] ohci-platform: OHCI generic platform driver
[   33.870491] uhci_hcd: USB Universal Host Controller Interface driver
[   33.870547] i8042: PNP: PS/2 Controller [PNP0303:PS2K,PNP0f03:PS2M] at 0x60,0x64 irq 1,12
[   33.975576] serio: i8042 KBD port at 0x60,0x64 irq 1
[   33.975584] serio: i8042 AUX port at 0x60,0x64 irq 12
[   33.975740] mousedev: PS/2 mouse device common for all mice
[   33.976185] rtc_cmos rtc_cmos: rtc core: registered rtc_cmos as rtc0
[   33.976245] rtc_cmos rtc_cmos: alarms up to one day, 114 bytes nvram
[   33.976254] i2c /dev entries driver
[   33.976324] device-mapper: uevent: version 1.0.3
[   33.976435] device-mapper: ioctl: 4.34.0-ioctl (2015-10-28) initialised: dm-devel@redhat.com
[   33.976471] ledtrig-cpu: registered to indicate activity on CPUs
[   33.976866] NET: Registered protocol family 10
[   33.977026] NET: Registered protocol family 17
[   33.977034] Key type dns_resolver registered
[   34.103650] microcode: CPU0 sig=0x40661, pf=0x40, revision=0x0
[   34.103724] microcode: CPU1 sig=0x40661, pf=0x40, revision=0x0
[   34.103793] microcode: Microcode Update Driver: v2.01 <tigran@aivazian.fsnet.co.uk>, Peter Oruba
[   34.103927] registered taskstats version 1
[   34.103945] Loading compiled-in X.509 certificates
[   34.104604] Loaded X.509 cert 'Build time autogenerated kernel key: d1010f9627fd9242df4b03365d2931dfd1ad3d42'
[   34.104637] zswap: loaded using pool lzo/zbud
[   34.106329] Key type trusted registered
[   34.108465] Key type encrypted registered
[   34.108471] AppArmor: AppArmor sha1 policy hashing enabled
[   34.108474] ima: No TPM chip found, activating TPM-bypass!
[   34.108497] evm: HMAC attrs: 0x1
[   34.108893]   Magic number: 2:554:326
[   34.233889] rtc_cmos rtc_cmos: setting system clock to 2018-01-02 11:20:54 UTC (1514892054)
[   34.234066] BIOS EDD facility v0.16 2004-Jun-25, 0 devices found
[   34.234066] EDD information not available.
[   34.853270] input: AT Translated Set 2 keyboard as /devices/platform/i8042/serio0/input/input2
[   41.980337] Freeing unused kernel memory: 1492K
[   42.141455] Write protecting the kernel read-only data: 14336k
[   42.276027] Freeing unused kernel memory: 1748K
[   42.305026] Freeing unused kernel memory: 112K
Loading, please [   42.445269] random: systemd-udevd: uninitialized urandom read (16 bytes read, 5 bits of entropy available)
wait...
startin[   42.445705] random: udevadm: uninitialized urandom read (16 bytes read, 5 bits of entropy available)
g version 229
[   42.445738] random: udevadm: uninitialized urandom read (16 bytes read, 5 bits of entropy available)
[   42.445848] random: udevadm: uninitialized urandom read (16 bytes read, 5 bits of entropy available)
[   42.445887] random: udevadm: uninitialized urandom read (16 bytes read, 5 bits of entropy available)
[   42.445922] random: udevadm: uninitialized urandom read (16 bytes read, 5 bits of entropy available)
[   42.445969] random: udevadm: uninitialized urandom read (16 bytes read, 5 bits of entropy available)
[   42.446003] random: udevadm: uninitialized urandom read (16 bytes read, 5 bits of entropy available)
[   42.446036] random: udevadm: uninitialized urandom read (16 bytes read, 5 bits of entropy available)
[   42.446070] random: udevadm: uninitialized urandom read (16 bytes read, 5 bits of entropy available)
[   44.252376] e1000: Intel(R) PRO/1000 Network Driver - version 7.3.21-k8-NAPI
[   44.364741] e1000: Copyright (c) 1999-2006 Intel Corporation.
[   44.486776] Fusion MPT base driver 3.04.20
[   44.514084] Copyright (c) 1999-2008 LSI Corporation
[   44.588304] Fusion MPT SPI Host driver 3.04.20
[   44.627772] mptbase: ioc0: Initiating bringup
[   44.690030] AVX version of gcm_enc/dec engaged.
[   44.733914] ioc0: LSI53C1030 A0: Capabilities={Initiator}
[   44.761597] AES CTR mode by8 optimization enabled
[   44.879123] input: ImExPS/2 Generic Explorer Mouse as /devices/platform/i8042/serio1/input/input4
[   44.983956] scsi host2: ioc0: LSI53C1030 A0, FwRev=00000000h, Ports=1, MaxQ=256, IRQ=20
[   45.205975] scsi 2:0:0:0: Direct-Access     VBOX     HARDDISK         1.0  PQ: 0 ANSI: 5
[   45.375622] scsi target2:0:0: Beginning Domain Validation
[   45.529208] scsi target2:0:0: Domain Validation skipping write tests
[   45.641310] scsi target2:0:0: Ending Domain Validation
[   45.649870] scsi target2:0:0: asynchronous
[   45.658242] scsi 2:0:1:0: Direct-Access     VBOX     HARDDISK         1.0  PQ: 0 ANSI: 5
[   45.690033] scsi target2:0:1: Beginning Domain Validation
[   45.738846] scsi target2:0:1: Domain Validation skipping write tests
[   45.756165] scsi target2:0:1: Ending Domain Validation
[   45.769747] scsi target2:0:1: asynchronous
[   45.790345] sd 2:0:0:0: Attached scsi generic sg0 type 0
[   45.805861] sd 2:0:0:0: [sda] 20971520 512-byte logical blocks: (10.7 GB/10.0 GiB)
[   45.815547] sd 2:0:1:0: Attached scsi generic sg1 type 0
[   45.852532] sd 2:0:1:0: [sdb] 20480 512-byte logical blocks: (10.5 MB/10.0 MiB)
[   45.864697] sd 2:0:0:0: [sda] Write Protect is off
[   45.879967] sd 2:0:1:0: [sdb] Write Protect is off
[   45.907519] sd 2:0:0:0: [sda] Incomplete mode parameter data
[   45.939009] sd 2:0:0:0: [sda] Assuming drive cache: write through
[   45.966145] sd 2:0:1:0: [sdb] Incomplete mode parameter data
[   45.984146] sd 2:0:1:0: [sdb] Assuming drive cache: write through
[   45.988762]  sda: sda1
[   46.052204] sd 2:0:1:0: [sdb] Attached SCSI disk
[   46.058647] sd 2:0:0:0: [sda] Attached SCSI disk
[   46.062978] e1000 0000:00:03.0 eth0: (PCI:33MHz:32-bit) 02:14:68:3e:84:47
[   46.062986] e1000 0000:00:03.0 eth0: Intel(R) PRO/1000 Network Connection
[   46.532697] e1000 0000:00:08.0 eth1: (PCI:33MHz:32-bit) 08:00:27:4e:3e:b6
[   46.615739] e1000 0000:00:08.0 eth1: Intel(R) PRO/1000 Network Connection
[   46.758949] e1000 0000:00:03.0 enp0s3: renamed from eth0
[   46.933750] e1000 0000:00:08.0 enp0s8: renamed from eth1
[   47.626773] floppy0: no floppy controllers found
[   47.753222] work still pending
Begin: Loading e[   49.157558] md: linear personality registered for level -1
ssential drivers[   49.318847] md: multipath personality registered for level -4
 ... [   49.467242] md: raid0 personality registered for level 0
[   49.561294] md: raid1 personality registered for level 1
[   49.741976] raid6: sse2x1   gen()  8305 MB/s
[   49.918012] raid6: sse2x1   xor()  6474 MB/s
[   50.093557] raid6: sse2x2   gen() 11291 MB/s
[   50.265515] raid6: sse2x2   xor()  7567 MB/s
[   50.437641] raid6: sse2x4   gen() 11824 MB/s
[   50.606016] raid6: sse2x4   xor()  8957 MB/s
[   50.702009] raid6: using algorithm sse2x4 gen() 11824 MB/s
[   50.774293] raid6: .... xor() 8957 MB/s, rmw enabled
[   50.861235] raid6: using ssse3x2 recovery algorithm
[   50.994563] xor: automatically using best checksumming function:
[   51.193668]    avx       : 25334.000 MB/sec
[   51.288570] async_tx: api initialized (async)
[   51.426088] md: raid6 personality registered for level 6
[   51.588561] md: raid5 personality registered for level 5
[   51.704547] md: raid4 personality registered for level 4
[   51.836862] md: raid10 personality registered for level 10
done.
Begin: Running /scripts/init-p[   51.965099] Btrfs loaded
remount ... done.
Begin: Mounting root file sys[   52.049348] EXT4-fs (sda1): mounted filesystem with ordered data mode. Opts: (null)
tem ... Begin: Running /scripts/local-top ... done.
Begin: Running /scripts/local-premount ... Scanning for Btrfs filesystems
done.
Warning: fsck not present, so skipping root file system
done.
Begin: Running /scripts/local-bottom ... done.
Begin: Running /scripts/init-bottom ... done.
[   52.395752] systemd[1]: systemd 229 running in system mode. (+PAM +AUDIT +SELINUX +IMA +APPARMOR +SMACK +SYSVINIT +UTMP +LIBCRYPTSETUP +GCRYPT +GNUTLS +ACL +XZ -LZ4 +SECCOMP +BLKID +ELFUTILS +KMOD -IDN)
[   52.807581] systemd[1]: Detected virtualization oracle.
[   52.896084] systemd[1]: Detected architecture x86-64.

Welcome to [1mUbuntu 16.04.3 LTS[0m!

[   53.006351] systemd[1]: Set hostname to <ubuntu>.
[   53.066148] systemd[1]: Initializing machine ID from random generator.
[   53.121798] systemd[1]: Installed transient /etc/machine-id file.
[   53.309535] systemd[1]: Set up automount Arbitrary Executable File Formats File System Automount Point.
[[0;32m  OK  [0m] Set up automount Arbitrary Executab...ats File System Automount Point.
[   53.469965] systemd[1]: Listening on LVM2 poll daemon socket.
[[0;32m  OK  [0m] Listening on LVM2 poll daemon socket.
[   53.630013] systemd[1]: Reached target Swap.
[[0;32m  OK  [0m] Reached target Swap.
[   53.742148] systemd[1]: Listening on Journal Audit Socket.
[[0;32m  OK  [0m] Listening on Journal Audit Socket.
[   53.914109] systemd[1]: Listening on /dev/initctl Compatibility Named Pipe.
[[0;32m  OK  [0m] Listening on /dev/initctl Compatibility Named Pipe.
[   54.077929] systemd[1]: Listening on LVM2 metadata daemon socket.
[[0;32m  OK  [0m] Listening on LVM2 metadata daemon socket.
[   54.213939] systemd[1]: Listening on udev Kernel Socket.
[[0;32m  OK  [0m] Listening on udev Kernel Socket.
[   54.382157] systemd[1]: Listening on Journal Socket (/dev/log).
[[0;32m  OK  [0m] Listening on Journal Socket (/dev/log).
[   54.517811] systemd[1]: Started Forward Password Requests to Wall Directory Watch.
[[0;32m  OK  [0m] Started Forward Password Requests to Wall Directory Watch.
[   54.741892] systemd[1]: Reached target Encrypted Volumes.
[[0;32m  OK  [0m] Reached target Encrypted Volumes.
[   54.870165] systemd[1]: Created slice System Slice.
[[0;32m  OK  [0m] Created slice System Slice.
[   55.017188] systemd[1]: Reached target User and Group Name Lookups.
[[0;32m  OK  [0m] Reached target User and Group Name Lookups.
[   55.163706] systemd[1]: Listening on Journal Socket.
[[0;32m  OK  [0m] Listening on Journal Socket.
[   55.297664] systemd[1]: Starting Nameserver information manager...
         Starting Nameserver information manager...
[   55.481745] systemd[1]: Starting Create list of required static device nodes for the current kernel...
         Starting Create list of required st... nodes for the current kernel...
[   55.633836] systemd[1]: Starting Uncomplicated firewall...
[   55.634595] random: nonblocking pool is initialized
         Starting Uncomplicated firewall...
[   55.941627] systemd[1]: Mounting POSIX Message Queue File System...
         Mounting POSIX Message Queue File System...
[   56.178265] systemd[1]: Starting Remount Root and Kernel File Systems...
[   56.183172] EXT4-fs (sda1): re-mounted. Opts: (null)
         Starting Remount Root and Kernel File Systems...
[   56.586163] systemd[1]: Starting Load Kernel Modules...
[   56.662942] Loading iSCSI transport class v2.0-870.
         Startin[   56.794746] iscsi: registered transport (tcp)
g Load Kernel Modules...
[   56.930351] iscsi: registered transport (iser)
[   56.933878] systemd[1]: Mounting Debug File System...
         Mounting Debug File System...
[   57.202473] systemd[1]: Created slice User and Session Slice.
[[0;32m  OK  [0m] Created slice User and Session Slice.
[   57.405927] systemd[1]: Reached target Slices.
[[0;32m  OK  [0m] Reached target Slices.
[   57.541914] systemd[1]: Started Trigger resolvconf update for networkd DNS.
[[0;32m  OK  [0m] Started Trigger resolvconf update for networkd DNS.
[   57.778170] systemd[1]: Listening on Device-mapper event daemon FIFOs.
[[0;32m  OK  [0m] Listening on Device-mapper event daemon FIFOs.
[   58.005954] systemd[1]: Starting Monitoring of LVM2 mirrors, snapshots etc. using dmeventd or progress polling...
         Starting Monitoring of LVM2 mirrors... dmeventd or progress polling...
[   58.349697] systemd[1]: Starting Set console keymap...
         Starting Set console keymap...
[   58.522557] systemd[1]: Listening on Syslog Socket.
[[0;32m  OK  [0m] Listening on Syslog Socket.
[   58.717855] systemd[1]: Starting Journal Service...
         Starting Journal Service...
[   58.842049] systemd[1]: Mounting Huge Pages File System...
         Mounting Huge Pages File System...
[   58.938195] systemd[1]: Listening on udev Control Socket.
[[0;32m  OK  [0m] Listening on udev Control Socket.
[   59.114186] systemd[1]: Created slice system-serial\x2dgetty.slice.
[[0;32m  OK  [0m] Created slice system-serial\x2dgetty.slice.
[   59.243087] systemd[1]: Mounted Debug File System.
[[0;32m  OK  [0m] Mounted Debug File System.
[   59.434066] systemd[1]: Mounted Huge Pages File System.
[[0;32m  OK  [0m] Mounted Huge Pages File System.
[   59.622204] systemd[1]: Mounted POSIX Message Queue File System.
[[0;32m  OK  [0m] Mounted POSIX Message Queue File System.
[   59.833938] systemd[1]: Started Journal Service.
[[0;32m  OK  [0m] Started Journal Service.
[[0;32m  OK  [0m] Started Create list of required sta...ce nodes for the current kernel.
[[0;32m  OK  [0m] Started Uncomplicated firewall.
[[0;32m  OK  [0m] Started Remount Root and Kernel File Systems.
[[0;32m  OK  [0m] Started Load Kernel Modules.
[[0;32m  OK  [0m] Started Set console keymap.
[[0;32m  OK  [0m] Started Nameserver information manager.
[[0;32m  OK  [0m] Started LVM2 metadata daemon.
         Mounting FUSE Control File System...
         Starting Apply Kernel Variables...
         Starting udev Coldplug all Devices...
         Starting Load/Save Random Seed...
         Starting Initial cloud-init job (pre-networking)...
         Starting Create Static Device Nodes in /dev...
         Starting Flush Journal to Persistent Storage...
[[0;32m  OK  [0m] Mounted FUSE Control File System.
[[0;32m  OK  [0m] Started Monitoring of LVM2 mirrors,...ng dmeventd or progress polling.
[[0;32m  OK  [0m] Started Apply Kernel Variables.
[[0;32m  OK  [0m] Started Load/Save Random Seed.
[[0;32m  OK  [0m] Started Create Static Device Nodes in /dev.
[[0;32m  OK  [0m] Started udev Coldplug all Devices.
[[0;32m  OK  [0m] Started Flush Journal to Persistent Storage.
         Starting udev Kernel Device Manager...
[[0;32m  OK  [0m] Started udev Kernel Device Manager.
[[0;32m  OK  [0m] Reached target Local File Systems (Pre).
[[0;32m  OK  [0m] Reached target Local File Systems.
         Starting LSB: AppArmor initialization...
         Starting Create Volatile Files and Directories...
         Starting Tell Plymouth To Write Out Runtime Data...
[   34.582389] cloud-init[458]: Cloud-init v. 0.7.9 running 'init-local' at Tue, 02 Jan 2018 11:21:21 +0000. Up 34.23 seconds.
         Starting Commit a transient machine-id on disk...
         Starting Set console font and keymap...
[[0;32m  OK  [0m] Started Dispatch Password Requests to Console Directory Watch.
[[0;32m  OK  [0m] Started Create Volatile Files and Directories.
[[0;32m  OK  [0m] Started Tell Plymouth To Write Out Runtime Data.
[[0;32m  OK  [0m] Started Commit a transient machine-id on disk.
[[0;32m  OK  [0m] Started Set console font and keymap.
[[0;32m  OK  [0m] Started Initial cloud-init job (pre-networking).
[[0;32m  OK  [0m] Found device /dev/ttyS0.
[[0;32m  OK  [0m] Listening on Load/Save RF Kill Switch Status /dev/rfkill Watch.
[[0;32m  OK  [0m] Reached target Network (Pre).
[[0;32m  OK  [0m] Created slice system-getty.slice.
         Starting Update UTMP about System Boot/Shutdown...
[[0;32m  OK  [0m] Reached target System Time Synchronized.
[[0;32m  OK  [0m] Started LSB: AppArmor initialization.
[[0;32m  OK  [0m] Started Update UTMP about System Boot/Shutdown.
         Starting Raise network interfaces...
[[0;32m  OK  [0m] Started Raise network interfaces.
         Starting Initial cloud-init job (metadata service crawler)...
[[0;32m  OK  [0m] Reached target Network.
[   39.053015] cloud-init[954]: Cloud-init v. 0.7.9 running 'init' at Tue, 02 Jan 2018 11:21:25 +0000. Up 37.91 seconds.
[[0;32m  OK  [0m] Started Initial cloud-init job (metadata service crawler).
[[0;32m  OK  [0m] Reached target Network is Online.
[   39.162960] cloud-init[954]: ci-info: ++++++++++++++++++++++++++++++++++++++Net device info++++++++++++++++++++++++++++++++++++++
[   39.376686]          cloud-initStarting iSCSI initiator daemon (iscsid)...[954]: 
ci-info: +--------+-------+----------------------------+---------------+-------+-------------------+
[   39.512324] [cloud-init[0;32m  OK  [0m[954]: ] ci-info: | Device |   Up  |          Address           |      Mask     | Scope |     Hw-Address    |Reached target System Initialization.

[   39.513233] [cloud-init[0;32m  OK  [0m[954]: ] ci-info: +--------+-------+----------------------------+---------------+-------+-------------------+Started Timer to automatically fetch and run repair assertions.

[   39.651951] cloud-init[954]: ci-info: | enp0s8 | False |             .              |       .       |   .   | 08:00:27:4e:3e:b6 |
[[0;32m  OK  [0m] Started Daily Cleanup of Temporary Directories.
[   39.793732] cloud-init[954]: ci-info: | enp0s3 |  True |         10.0.2.15          | 255.255.255.0 |   .   | 02:14:68:3e:84:47 |
         Starting LXD - unix socket.
[   40.057066] cloud-init[954]: ci-info: | enp0s3 |  True | fe80::14:68ff:fe3e:8447/64 |       .       |  link | 02:14:68:3e:84:47 |
[   40.192430] [cloud-init[0;32m  OK  [0m[954]: ] ci-info: |   lo   |  True |         127.0.0.1          |   255.0.0.0   |   .   |         .         |Listening on ACPID Listen Socket.

[[0;32m  OK  [0m] Listening on D-Bus System Message Bus Socket.
[   40.332502] cloud-init[954]: ci-info: |   lo   |  True |          ::1/128           |       .       |  host |         .         |
[[0;32m  OK  [0m] Started Timer to automatically refresh installed snaps.
[   40.476388] cloud-init[954]: ci-info: +--------+-------+----------------------------+---------------+-------+-------------------+
         Starting Socket activation for snappy daemon.
[   40.477571] cloud-init[954]: ci-info: +++++++++++++++++++++++++++Route IPv4 info++++++++++++++++++++++++++++
[   40.744413] [cloud-init[0;32m  OK  [0m[954]: ] ci-info: +-------+-------------+----------+---------------+-----------+-------+Started ACPI Events Check.

[[0;32m  OK  [0m] Reached target Paths.
[[0;32m  OK  [0m] Listening on UUID daemon activation socket.
[   40.745037] cloud-init[954]: ci-info: | Route | Destination | Gateway  |    Genmask    | Interface | Flags |
[   41.028542] [cloud-init[0;32m  OK  [0m[954]: ] ci-info: +-------+-------------+----------+---------------+-----------+-------+Started Daily apt download activities.

[[0;32m  OK  [0m] Started Daily apt upgrade and clean activities.
[[0;32m  OK  [0m] Reached target Timers.
[   41.029413] cloud-init[954]: ci-info: |   0   |   0.0.0.0   | 10.0.2.2 |    0.0.0.0    |   enp0s3  |   UG  |
[   41.282694] [cloud-init[0;32m  OK  [0m[954]: ] ci-info: |   1   |   10.0.2.0  | 0.0.0.0  | 255.255.255.0 |   enp0s3  |   U   |Reached target Cloud-config availability.

[   41.283347] cloud-init[954]: ci-info: +-------+-------------+----------+---------------+-----------+-------+
[   41.444785] cloud-init[954]: Generating public/private rsa key pair.
[[0;32m  OK  [0m] Listening on LXD - unix socket.
[   41.445449] [cloud-init[0;32m  OK  [0m[954]: ] Your identification has been saved in /etc/ssh/ssh_host_rsa_key.Listening on Socket activation for snappy daemon.

[   41.628731] [cloud-init[0;32m  OK  [0m[954]: ] Your public key has been saved in /etc/ssh/ssh_host_rsa_key.pub.Started iSCSI initiator daemon (iscsid).

[   41.629563] cloud-init[954]: The key fingerprint is:
         Starting Login to default iSCSI targets...
[   41.796526] [cloud-init[0;32m  OK  [0m[954]: ] SHA256:73SCg16yGjdAKoXdSoOnko4a1IxbCcPSxZdJkMNoFjQ root@ubuntu-xenialReached target Sockets.

[[0;32m  OK  [0m] Reached target Basic System.
[   41.838203] cloud-init[954]: The key's randomart image is:
[   42.030276]          cloud-initStarting Login Service...[954]: 
+---[RSA 2048]----+
[   42.096833] cloud-init[954]: | .E=o+.o         |
[   42.136395] cloud-init[954]: |.=++= +          |
         Starting Apply the settings specified in cloud-config...
[   42.192788] cloud-init[954]: |+*B oo           |
[   42.276449] cloud-init[954]: |.**=.            |
[[0;32m  OK  [0m] Started ACPI event daemon.
[   42.333168] cloud-init[954]: |=oo=.   S        |
[   42.428469]          cloud-initStarting LSB: MD monitoring daemon...[954]: 
|=.o  . . o       |
[   42.500610] [cloud-init[0;32m  OK  [0m[954]: ] |oo  . = + + .    |Started Unattended Upgrades Shutdown.

[   42.501228] cloud-init[954]: |..   + = + o     |
[   42.640693] [cloud-init[0;32m  OK  [0m[954]: ] |.   ..o   .      |Started FUSE filesystem for LXC.

[   42.641483] cloud-init[954]: +----[SHA256]-----+
[   42.800647] cloud-init[954]: Generating public/private dsa key pair.
         Starting Accounts Service...
[   42.801527] cloud-init[954]: Your identification has been saved in /etc/ssh/ssh_host_dsa_key.
[   42.981795]          cloud-initStarting Snappy daemon...[954]: 
Your public key has been saved in /etc/ssh/ssh_host_dsa_key.pub.
[   43.072563]          cloud-initStarting LSB: Record successful boot for GRUB...[954]: 
The key fingerprint is:
[   43.172772] [cloud-init[0;32m  OK  [0m[954]: ] SHA256:rVOMOmj9AL6PIVBLUszWT0Ux0UOpgivm2nFcjOLkZHI root@ubuntu-xenialStarted Deferred execution scheduler.

         Starting Pollinate to seed the pseudo random number generator...
[   43.311015] cloud-init[954]: The key's randomart image is:
         Starting System Logging Service...
[   43.443311] cloud-init[954]: +---[DSA 1024]----+
[   43.549049] [cloud-init[0;32m  OK  [0m[954]: ] | o..   o*=..     |Started Regular background program processing daemon.

[   43.550133] cloud-init[954]: | .+ . .  .+      |
[   43.676508] [cloud-init[0;32m  OK  [0m[954]: ] |..o  +   . .     |Started D-Bus System Message Bus.

[   43.677111] cloud-init[954]: | + ..oo .+       |
[   43.813019] cloud-init[954]: |o E o.o.S +      |
         Starting /etc/rc.local Compatibility...
[   43.814164] cloud-init[954]: | Xo+.= . o       |
[   43.948548]          cloud-initStarting LXD - container startup/shutdown...[954]: 
| o=.B = o        |
[   44.028503] [cloud-init[0;32m  OK  [0m[954]: ] | ..= + + .       |Started Snappy daemon.

[   44.029210] [cloud-init[0;32m  OK  [0m[954]: ] |... o.. .        |Started System Logging Service.

[[0;32m  OK  [0m] Started Pollinate to seed the pseudo random number generator.
[[0;32m  OK  [0m] Started /etc/rc.local Compatibility.
[   44.188530] cloud-init[954]: +----[SHA256]-----+
[[0;32m  OK  [0m] Started LXD - container startup/shutdown.
[   44.336829] cloud-init[954]: Generating public/private ecdsa key pair.
[[0;32m  OK  [0m] Started Login to default iSCSI targets.
[   44.444639] cloud-init[954]: Your identification has been saved in /etc/ssh/ssh_host_ecdsa_key.
[[0;32m  OK  [0m] Started LSB: MD monitoring daemon.
[   44.567446] cloud-init[954]: Your public key has been saved in /etc/ssh/ssh_host_ecdsa_key.pub.
[[0;32m  OK  [0m] Started LSB: Record successful boot for GRUB.
[   44.617830] cloud-init[954]: The key fingerprint is:
[   44.824657] cloud-init[954]: SHA256:9CehCaMaVlCEGXhZkx+6L4uQx6SNOwkzQSLyaVSv3lg root@ubuntu-xenial
[   44.920493] cloud-init[954]: The key's randomart image is:
[   44.976702] cloud-init[954]: +---[ECDSA 256]---+
[   44.977538] cloud-init[954]: | .oX*.           |
[[0;32m  OK  [0m] Started Login Service.
[   44.977841] cloud-init[954]: |=.*..o.          |
[   45.136391] cloud-init[954]: |=+ ..o+.. .      |
[   45.136778] cloud-init[954]: |. +..o.+ + .     |
         Starting Authenticate and Authorize Users to Run Privileged Tasks...
[   45.137066] cloud-init[954]: | o+ o.E S o .    |
[   45.285114] cloud-init[954]: |+O +.+     o     |
[[0;32m  OK  [0m] Reached target Remote File Systems (Pre).
[[   45.285248] cloud-init[954]: |*+= o..          |
[   45.417275] cloud-init[954]: |o+ .. .          |
[   45.417567] cloud-init[954]: |... .o           |
[   45.417625] cloud-init[954]: +----[SHA256]-----+
[   45.417673] cloud-init[954]: Generating public/private ed25519 key pair.
[   45.417734] cloud-init[954]: Your identification has been saved in /etc/ssh/ssh_host_ed25519_key.
[   45.417776] cloud-init[954]: Your public key has been saved in /etc/ssh/ssh_host_ed25519_key.pub.
[   45.417917] cloud-init[954]: The key fingerprint is:
[   45.417979] cloud-init[954]: SHA256:DZUWVuO/NEIvt7OTQEoUEl5T0QKAM2RfdW1fENWcl78 root@ubuntu-xenial
[0;32m  OK  [0m] Reached target Remote File Systems.
[   45.418037] cloud-init[954]: The key's randomart image is:
[   45.418136] cloud-init[954]: +--[ED25519 256]--+
[   46.028724] cloud-init[954]: |     .o.+oXO*o+*=|
[   46.029155] cloud-init[954]: |     .+o *+o.o.oB|
         Starting Permit User Sessions...
[   46.029342] cloud-init[954]: |       o+o  o. .=|
[   46.192454] cloud-init[954]: |         o...o  o|
[   46.192871] cloud-init[954]: |        S..oo * .|
         Starting LSB: daemon to balance interrupts for SMP systems...
[   46.193223] cloud-init[954]: |          . .= E |
[   46.364850] cloud-init[954]: |             .+. |
[   46.365504] cloud-init[954]: |              oo |
         Starting LSB: VirtualBox Linux Additions...
[   46.366262] cloud-init[954]: |              .. |
[   46.532366] cloud-init[954]: +----[SHA256]-----+
         Starting LSB: Set the CPU Frequency Scaling governor to "ondemand"...
[   46.534572] cloud-init[1056]: Generating locales (this might take a while)...
[   46.704889] cloud-init[1056]:   en_US.UTF-8... done
[   46.705382] cloud-init[1056]: Generation complete.
         Starting LSB: automatic crash report generation...
[[0;32m  OK  [0m] Stopped OpenBSD Secure Shell server.
         Starting OpenBSD Secure Shell server...
         Starting Auto import assertions from block devices...
[[0;32m  OK  [0m] Started OpenBSD Secure Shell server.
[[0;32m  OK  [0m] Started Permit User Sessions.
[[0;32m  OK  [0m] Started Auto import assertions from block devices.
[[0;32m  OK  [0m] Started Authenticate and Authorize Users to Run Privileged Tasks.
[[0;32m  OK  [0m] Started Accounts Service.
[[0;32m  OK  [0m] Created slice User Slice of ubuntu.
[   47.414481] cloud-init[1056]: Cloud-init v. 0.7.9 running 'modules:config' at Tue, 02 Jan 2018 11:21:29 +0000. Up 42.33 seconds.
[[0;32m  OK  [0m] Started Session 1 of user ubuntu.
         Starting User Manager for UID 1000...
         Starting Hold until boot process finishes up...
         Starting Terminate Plymouth Boot Screen...
[[0;32m  OK  [0m] Started User Manager for UID 1000.
[[0;32m  OK  [0m] Started Apply the settings specified in cloud-config.
[[0;32m  OK  [0m] Started LSB: daemon to balance interrupts for SMP systems.
[[0;32m  OK  [0m] Started LSB: VirtualBox Linux Additions.
[[0;32m  OK  [0m] Started LSB: Set the CPU Frequency Scaling governor to "ondemand".
[[0;32m  OK  [0m] Started LSB: automatic crash report generation.
[[0;32m  OK  [0m] Started Hold until boot process finishes up.
[[0;32m  OK  [0m] Started Terminate Plymouth Boot Screen.
         Starting Set console scheme...
[[0;32m  OK  [0m] Started Serial Getty on ttyS0.
[[0;32m  OK  [0m] Started Getty on tty1.
[[0;32m  OK  [0m] Reached target Login Prompts.
[[0;32m  OK  [0m] Reached target Multi-User System.
[[0;32m  OK  [0m] Reached target Graphical Interface.
         Starting Update UTMP about System Runlevel Changes...
         Starting Execute cloud user/final scripts...
[[0;32m  OK  [0m] Started Set console scheme.
[[0;32m  OK  [0m] Started Update UTMP about System Runlevel Changes.
ci-info: no authorized ssh keys fingerprints found for user ubuntu.
<14>Jan  2 11:21:36 ec2: 
<14>Jan  2 11:21:36 ec2: #############################################################
<14>Jan  2 11:21:36 ec2: -----BEGIN SSH HOST KEY FINGERPRINTS-----
<14>Jan  2 11:21:36 ec2: 1024 SHA256:rVOMOmj9AL6PIVBLUszWT0Ux0UOpgivm2nFcjOLkZHI root@ubuntu-xenial (DSA)
<14>Jan  2 11:21:36 ec2: 256 SHA256:9CehCaMaVlCEGXhZkx+6L4uQx6SNOwkzQSLyaVSv3lg root@ubuntu-xenial (ECDSA)
<14>Jan  2 11:21:36 ec2: 256 SHA256:DZUWVuO/NEIvt7OTQEoUEl5T0QKAM2RfdW1fENWcl78 root@ubuntu-xenial (ED25519)
<14>Jan  2 11:21:36 ec2: 2048 SHA256:73SCg16yGjdAKoXdSoOnko4a1IxbCcPSxZdJkMNoFjQ root@ubuntu-xenial (RSA)
<14>Jan  2 11:21:36 ec2: -----END SSH HOST KEY FINGERPRINTS-----
<14>Jan  2 11:21:36 ec2: #############################################################
-----BEGIN SSH HOST KEY KEYS-----
ecdsa-sha2-nistp256 AAAAE2VjZHNhLXNoYTItbmlzdHAyNTYAAAAIbmlzdHAyNTYAAABBBDx/Mbg9Q8aMldtLMQFzV1WylEW8tLvkkUL7LCRp4jbuFuBPR6ih4+ERJZZk9ghLR28CIYADBrop/8xVK1c3cmE= root@ubuntu-xenial
ssh-ed25519 AAAAC3NzaC1lZDI1NTE5AAAAILkUx6O3Xy+XLulU7uX03VBSGxfeWyA28pMr+hoTdjBR root@ubuntu-xenial
ssh-rsa AAAAB3NzaC1yc2EAAAADAQABAAABAQC7adS2oE8TSkq/3ZAZO/zcSVTql2QEOSby+yBKV8cZkBYCEoBYZU4Dh+P7+NNzZ0ve6sswdFYyGeAyWxs+aC329qSWdxVi+PxLkS7rko6x7TE8eKhdwcX5RdNta6Xc+6D9OR8s90H/yCeJKclyeGRhyIW9Jw3OzcmTgQ6FoPuXkUPChqK/wE4zaoLXasOBhoCkkaNBjt9cx9x1P9jjnrXFxiVZJa+Ic1gOIr8Au4d7icCX5yjPOLquahASCeYZ0vf5BwCaKJT7YbYUQsumfCLxAmbZuyuqb4+d9ZLgreC96uFoskddXOlawbpP+cWWNh+rw4LJuTIfKSE5UmiTMAet root@ubuntu-xenial
-----END SSH HOST KEY KEYS-----
[   50.378246] cloud-init[1328]: Cloud-init v. 0.7.9 running 'modules:final' at Tue, 02 Jan 2018 11:21:36 +0000. Up 48.96 seconds.
         [   50.504529] Stopping User Manager for UID 1000...cloud-init
[1328]: ci-info: no authorized ssh keys fingerprints found for user ubuntu.
[   50.636871] cloud-init[1328]: Cloud-init v. 0.7.9 finished at Tue, 02 Jan 2018 11:21:37 +0000. Datasource DataSourceNoCloud [seed=/dev/sdb][dsmode=net].  Up 50.35 seconds
[[0;32m  OK  [0m] Stopped User Manager for UID 1000.
[[0;32m  OK  [0m] Started Execute cloud user/final scripts.
[[0;32m  OK  [0m] Removed slice User Slice of ubuntu.
[[0;32m  OK  [0m] Reached target Cloud-init target.

Ubuntu 16.04.3 LTS ubuntu-xenial ttyS0

ubuntu-xenial login: 